INFO:root:Request: GET /
INFO:root:Response handler...
INFO:root:call with args: {'request': <Request GET / >}
ERROR:aiohttp.server:Error handling request
Traceback (most recent call last):
  File "/home/vagrant/.local/lib/python3.5/site-packages/aiohttp/web_protocol.py", line 422, in start
    resp = yield from self._request_handler(request)
  File "/home/vagrant/.local/lib/python3.5/site-packages/aiohttp/web.py", line 306, in _handle
    resp = yield from handler(request)
  File "/home/vagrant/master-python/task/py3-webapp/www/app.py", line 49, in logger
    return (await handler(request))
  File "/home/vagrant/master-python/task/py3-webapp/www/app.py", line 56, in response
    r =  await handler(request)
  File "/home/vagrant/.local/lib/python3.5/site-packages/aiohttp/web_urldispatcher.py", line 115, in handler_wrapper
    result = yield from result
  File "/home/vagrant/master-python/task/py3-webapp/www/coreweb.py", line 147, in __call__
    r = await self._func(**kw)
  File "/usr/lib/python3.5/asyncio/coroutines.py", line 219, in coro
    res = yield from await_meth()
  File "/home/vagrant/master-python/task/py3-webapp/www/handlers.py", line 24, in index
    Blog(id='1',name='Test Blog',summmary=summary,created_at=time()-120),
TypeError: 'module' object is not callable
INFO:aiohttp.access:127.0.0.1 - - [24/Oct/2017:03:11:25 +0000] "GET / HTTP/1.1" 500 330 "-" "HTTPie/0.9.2"
INFO:root:create database connection pool...
INFO:root:init jinja2...
INFO:root:set jinja2 template path: /home/vagrant/master-python/task/py3-webapp/www/templates/
INFO:root:found model: User (table: users
INFO:root:  found mapping: name ==> <StringField, varchar(50):None> 
INFO:root:  found mapping: admin ==> <BooleanField, boolean:None> 
INFO:root:  found mapping: passwd ==> <StringField, varchar(50):None> 
INFO:root:  found mapping: image ==> <StringField, varchar(500):None> 
INFO:root:  found mapping: created_at ==> <FloatField, real:None> 
INFO:root:  found mapping: email ==> <StringField, varchar(50):None> 
INFO:root:  found mapping: id ==> <StringField, varchar(50):None> 
INFO:root:found model: Blog (table: blogs
INFO:root:  found mapping: name ==> <StringField, varchar(50):None> 
INFO:root:  found mapping: user_name ==> <StringField, varchar(50):None> 
INFO:root:  found mapping: created_at ==> <FloatField, real:None> 
INFO:root:  found mapping: content ==> <TextField, text:None> 
INFO:root:  found mapping: user_image ==> <StringField, varchar(500):None> 
INFO:root:  found mapping: summary ==> <StringField, varchar(50):None> 
INFO:root:  found mapping: id ==> <StringField, varchar(50):None> 
INFO:root:  found mapping: user_id ==> <StringField, varchar(50):None> 
INFO:root:found model: Comment (table: comments
INFO:root:  found mapping: content ==> <TextField, text:None> 
INFO:root:  found mapping: blog_id ==> <StringField, varchar(50):None> 
INFO:root:  found mapping: created_at ==> <FloatField, real:None> 
INFO:root:  found mapping: user_name ==> <StringField, varchar(50):None> 
INFO:root:  found mapping: user_image ==> <StringField, varchar(500):None> 
INFO:root:  found mapping: id ==> <StringField, varchar(50):None> 
INFO:root:  found mapping: user_id ==> <StringField, varchar(50):None> 
INFO:root:add route GET / => index(request)
INFO:root:enter response init
INFO:root:add static /static/ => /home/vagrant/master-python/task/py3-webapp/www/static
INFO:root:server started at http://127.0.0.1:9000
INFO:root:Request: GET /
INFO:root:Response handler...
INFO:root:call with args: {'request': <Request GET / >}
INFO:root:SQL: select `id`, `name`, `admin`, `passwd`, `image`, `created_at`, `email` from `users`
INFO:root:rows reutrned: 1 
INFO:aiohttp.access:127.0.0.1 - - [24/Oct/2017:03:18:01 +0000] "GET / HTTP/1.1" 200 362 "-" "HTTPie/0.9.2"
INFO:root:Request: GET /
INFO:root:Response handler...
INFO:root:call with args: {'request': <Request GET / >}
INFO:root:SQL: select `id`, `name`, `admin`, `passwd`, `image`, `created_at`, `email` from `users`
INFO:root:rows reutrned: 1 
INFO:aiohttp.access:127.0.0.1 - - [24/Oct/2017:03:59:47 +0000] "GET / HTTP/1.1" 200 362 "-" "HTTPie/0.9.2"
INFO:root:create database connection pool...
INFO:root:init jinja2...
INFO:root:set jinja2 template path: /home/vagrant/master-python/task/py3-webapp/www/templates/
INFO:root:found model: User (table: users
INFO:root:  found mapping: created_at ==> <FloatField, real:None> 
INFO:root:  found mapping: passwd ==> <StringField, varchar(50):None> 
INFO:root:  found mapping: id ==> <StringField, varchar(50):None> 
INFO:root:  found mapping: image ==> <StringField, varchar(500):None> 
INFO:root:  found mapping: name ==> <StringField, varchar(50):None> 
INFO:root:  found mapping: admin ==> <BooleanField, boolean:None> 
INFO:root:  found mapping: email ==> <StringField, varchar(50):None> 
INFO:root:found model: Blog (table: blogs
INFO:root:  found mapping: content ==> <TextField, text:None> 
INFO:root:  found mapping: user_id ==> <StringField, varchar(50):None> 
INFO:root:  found mapping: created_at ==> <FloatField, real:None> 
INFO:root:  found mapping: id ==> <StringField, varchar(50):None> 
INFO:root:  found mapping: user_image ==> <StringField, varchar(500):None> 
INFO:root:  found mapping: user_name ==> <StringField, varchar(50):None> 
INFO:root:  found mapping: name ==> <StringField, varchar(50):None> 
INFO:root:  found mapping: summary ==> <StringField, varchar(50):None> 
INFO:root:found model: Comment (table: comments
INFO:root:  found mapping: blog_id ==> <StringField, varchar(50):None> 
INFO:root:  found mapping: content ==> <TextField, text:None> 
INFO:root:  found mapping: user_id ==> <StringField, varchar(50):None> 
INFO:root:  found mapping: created_at ==> <FloatField, real:None> 
INFO:root:  found mapping: id ==> <StringField, varchar(50):None> 
INFO:root:  found mapping: user_image ==> <StringField, varchar(500):None> 
INFO:root:  found mapping: user_name ==> <StringField, varchar(50):None> 
INFO:root:add route GET / => index(request)
INFO:root:enter response init
INFO:root:add static /static/ => /home/vagrant/master-python/task/py3-webapp/www/static
INFO:root:server started at http://127.0.0.1:9000
INFO:root:Request: GET /
INFO:root:Response handler...
INFO:root:call with args: {'request': <Request GET / >}
INFO:root:SQL: select `id`, `created_at`, `passwd`, `image`, `name`, `admin`, `email` from `users`
INFO:root:rows reutrned: 1 
INFO:aiohttp.access:127.0.0.1 - - [24/Oct/2017:05:57:31 +0000] "GET / HTTP/1.1" 200 362 "-" "HTTPie/0.9.2"
INFO:root:Request: GET /
INFO:root:Response handler...
INFO:root:call with args: {'request': <Request GET / >}
INFO:root:SQL: select `id`, `created_at`, `passwd`, `image`, `name`, `admin`, `email` from `users`
INFO:root:rows reutrned: 1 
INFO:aiohttp.access:127.0.0.1 - - [24/Oct/2017:06:01:38 +0000] "GET / HTTP/1.1" 200 362 "-" "HTTPie/0.9.2"
INFO:root:Request: GET /
INFO:root:Response handler...
INFO:root:call with args: {'request': <Request GET / >}
INFO:root:SQL: select `id`, `created_at`, `passwd`, `image`, `name`, `admin`, `email` from `users`
INFO:root:rows reutrned: 1 
INFO:aiohttp.access:127.0.0.1 - - [24/Oct/2017:06:06:49 +0000] "GET / HTTP/1.1" 200 362 "-" "HTTPie/0.9.2"
INFO:root:create database connection pool...
INFO:root:init jinja2...
INFO:root:set jinja2 template path: /home/vagrant/master-python/task/py3-webapp/www/templates/
INFO:root:found model: User (table: users
INFO:root:  found mapping: admin ==> <BooleanField, boolean:None> 
INFO:root:  found mapping: passwd ==> <StringField, varchar(50):None> 
INFO:root:  found mapping: image ==> <StringField, varchar(500):None> 
INFO:root:  found mapping: created_at ==> <FloatField, real:None> 
INFO:root:  found mapping: name ==> <StringField, varchar(50):None> 
INFO:root:  found mapping: email ==> <StringField, varchar(50):None> 
INFO:root:  found mapping: id ==> <StringField, varchar(50):None> 
INFO:root:found model: Blog (table: blogs
INFO:root:  found mapping: user_image ==> <StringField, varchar(500):None> 
INFO:root:  found mapping: user_name ==> <StringField, varchar(50):None> 
INFO:root:  found mapping: created_at ==> <FloatField, real:None> 
INFO:root:  found mapping: name ==> <StringField, varchar(50):None> 
INFO:root:  found mapping: content ==> <TextField, text:None> 
INFO:root:  found mapping: id ==> <StringField, varchar(50):None> 
INFO:root:  found mapping: summary ==> <StringField, varchar(50):None> 
INFO:root:  found mapping: user_id ==> <StringField, varchar(50):None> 
INFO:root:found model: Comment (table: comments
INFO:root:  found mapping: user_image ==> <StringField, varchar(500):None> 
INFO:root:  found mapping: user_id ==> <StringField, varchar(50):None> 
INFO:root:  found mapping: user_name ==> <StringField, varchar(50):None> 
INFO:root:  found mapping: created_at ==> <FloatField, real:None> 
INFO:root:  found mapping: content ==> <TextField, text:None> 
INFO:root:  found mapping: id ==> <StringField, varchar(50):None> 
INFO:root:  found mapping: blog_id ==> <StringField, varchar(50):None> 
INFO:root:add route GET / => index(request)
INFO:root:enter response init
INFO:root:add static /static/ => /home/vagrant/master-python/task/py3-webapp/www/static
INFO:root:server started at http://127.0.0.1:9000
INFO:root:Request: GET /
INFO:root:Response handler...
INFO:root:call with args: {'request': <Request GET / >}
INFO:root:SQL: select `id`, `admin`, `passwd`, `image`, `created_at`, `name`, `email` from `users`
INFO:root:rows reutrned: 1 
INFO:aiohttp.access:127.0.0.1 - - [24/Oct/2017:06:50:06 +0000] "GET / HTTP/1.1" 200 362 "-" "HTTPie/0.9.2"
INFO:root:Request: GET /
INFO:root:Response handler...
INFO:root:call with args: {'request': <Request GET / >}
INFO:root:SQL: select `id`, `admin`, `passwd`, `image`, `created_at`, `name`, `email` from `users`
INFO:root:rows reutrned: 1 
INFO:aiohttp.access:127.0.0.1 - - [24/Oct/2017:06:51:02 +0000] "GET / HTTP/1.1" 200 362 "-" "HTTPie/0.9.2"
INFO:root:create database connection pool...
INFO:root:init jinja2...
INFO:root:set jinja2 template path: /home/vagrant/master-python/task/py3-webapp/www/templates/
INFO:root:found model: User (table: users
INFO:root:  found mapping: admin ==> <BooleanField, boolean:None> 
INFO:root:  found mapping: email ==> <StringField, varchar(50):None> 
INFO:root:  found mapping: name ==> <StringField, varchar(50):None> 
INFO:root:  found mapping: created_at ==> <FloatField, real:None> 
INFO:root:  found mapping: image ==> <StringField, varchar(500):None> 
INFO:root:  found mapping: id ==> <StringField, varchar(50):None> 
INFO:root:  found mapping: passwd ==> <StringField, varchar(50):None> 
INFO:root:found model: Blog (table: blogs
INFO:root:  found mapping: content ==> <TextField, text:None> 
INFO:root:  found mapping: user_image ==> <StringField, varchar(500):None> 
INFO:root:  found mapping: summary ==> <StringField, varchar(50):None> 
INFO:root:  found mapping: name ==> <StringField, varchar(50):None> 
INFO:root:  found mapping: created_at ==> <FloatField, real:None> 
INFO:root:  found mapping: user_name ==> <StringField, varchar(50):None> 
INFO:root:  found mapping: id ==> <StringField, varchar(50):None> 
INFO:root:  found mapping: user_id ==> <StringField, varchar(50):None> 
INFO:root:found model: Comment (table: comments
INFO:root:  found mapping: content ==> <TextField, text:None> 
INFO:root:  found mapping: user_image ==> <StringField, varchar(500):None> 
INFO:root:  found mapping: blog_id ==> <StringField, varchar(50):None> 
INFO:root:  found mapping: created_at ==> <FloatField, real:None> 
INFO:root:  found mapping: user_name ==> <StringField, varchar(50):None> 
INFO:root:  found mapping: id ==> <StringField, varchar(50):None> 
INFO:root:  found mapping: user_id ==> <StringField, varchar(50):None> 
INFO:root:add route GET / => index(request)
INFO:root:enter response init
INFO:root:add static /static/ => /home/vagrant/master-python/task/py3-webapp/www/static
INFO:root:server started at http://127.0.0.1:9000
INFO:root:Request: GET /
INFO:root:Response handler...
INFO:root:call with args: {'request': <Request GET / >}
INFO:root:SQL: select `id`, `admin`, `email`, `name`, `created_at`, `image`, `passwd` from `users`
INFO:root:rows reutrned: 1 
INFO:aiohttp.access:127.0.0.1 - - [24/Oct/2017:07:33:08 +0000] "GET / HTTP/1.1" 200 362 "-" "HTTPie/0.9.2"
INFO:root:Request: GET /
INFO:root:Response handler...
INFO:root:call with args: {'request': <Request GET / >}
INFO:root:SQL: select `id`, `admin`, `email`, `name`, `created_at`, `image`, `passwd` from `users`
INFO:root:rows reutrned: 1 
INFO:aiohttp.access:127.0.0.1 - - [24/Oct/2017:07:42:29 +0000] "GET / HTTP/1.1" 200 362 "-" "HTTPie/0.9.2"
INFO:root:Request: GET /
INFO:root:Response handler...
INFO:root:call with args: {'request': <Request GET / >}
INFO:root:SQL: select `id`, `admin`, `email`, `name`, `created_at`, `image`, `passwd` from `users`
INFO:root:rows reutrned: 1 
INFO:aiohttp.access:127.0.0.1 - - [24/Oct/2017:07:43:32 +0000] "GET / HTTP/1.1" 200 362 "-" "HTTPie/0.9.2"
INFO:root:Request: GET /
INFO:root:Response handler...
INFO:root:call with args: {'request': <Request GET / >}
INFO:root:SQL: select `id`, `admin`, `email`, `name`, `created_at`, `image`, `passwd` from `users`
INFO:root:rows reutrned: 1 
INFO:aiohttp.access:127.0.0.1 - - [24/Oct/2017:07:47:18 +0000] "GET / HTTP/1.1" 200 362 "-" "HTTPie/0.9.2"
INFO:root:Request: GET /
INFO:root:Response handler...
INFO:root:call with args: {'request': <Request GET / >}
INFO:root:SQL: select `id`, `admin`, `email`, `name`, `created_at`, `image`, `passwd` from `users`
INFO:root:rows reutrned: 1 
INFO:aiohttp.access:127.0.0.1 - - [24/Oct/2017:07:58:43 +0000] "GET / HTTP/1.1" 200 362 "-" "HTTPie/0.9.2"
INFO:root:Request: GET /
INFO:root:Response handler...
INFO:root:call with args: {'request': <Request GET / >}
INFO:root:SQL: select `id`, `admin`, `email`, `name`, `created_at`, `image`, `passwd` from `users`
INFO:root:rows reutrned: 1 
INFO:aiohttp.access:127.0.0.1 - - [24/Oct/2017:08:04:14 +0000] "GET / HTTP/1.1" 200 362 "-" "HTTPie/0.9.2"
INFO:root:create database connection pool...
INFO:root:init jinja2...
INFO:root:set jinja2 template path: /home/vagrant/master-python/task/py3-webapp/www/templates/
INFO:root:found model: User (table: users
INFO:root:  found mapping: email ==> <StringField, varchar(50):None> 
INFO:root:  found mapping: id ==> <StringField, varchar(50):None> 
INFO:root:  found mapping: created_at ==> <FloatField, real:None> 
INFO:root:  found mapping: admin ==> <BooleanField, boolean:None> 
INFO:root:  found mapping: name ==> <StringField, varchar(50):None> 
INFO:root:  found mapping: image ==> <StringField, varchar(500):None> 
INFO:root:  found mapping: passwd ==> <StringField, varchar(50):None> 
INFO:root:found model: Blog (table: blogs
INFO:root:  found mapping: user_id ==> <StringField, varchar(50):None> 
INFO:root:  found mapping: content ==> <TextField, text:None> 
INFO:root:  found mapping: id ==> <StringField, varchar(50):None> 
INFO:root:  found mapping: created_at ==> <FloatField, real:None> 
INFO:root:  found mapping: name ==> <StringField, varchar(50):None> 
INFO:root:  found mapping: user_image ==> <StringField, varchar(500):None> 
INFO:root:  found mapping: user_name ==> <StringField, varchar(50):None> 
INFO:root:  found mapping: summary ==> <StringField, varchar(50):None> 
INFO:root:found model: Comment (table: comments
INFO:root:  found mapping: blog_id ==> <StringField, varchar(50):None> 
INFO:root:  found mapping: content ==> <TextField, text:None> 
INFO:root:  found mapping: id ==> <StringField, varchar(50):None> 
INFO:root:  found mapping: created_at ==> <FloatField, real:None> 
INFO:root:  found mapping: user_id ==> <StringField, varchar(50):None> 
INFO:root:  found mapping: user_image ==> <StringField, varchar(500):None> 
INFO:root:  found mapping: user_name ==> <StringField, varchar(50):None> 
INFO:root:add route GET / => index(request)
INFO:root:enter response init
INFO:root:add static /static/ => /home/vagrant/master-python/task/py3-webapp/www/static
INFO:root:server started at http://127.0.0.1:9000
INFO:root:Request: GET /
INFO:root:Response handler...
INFO:root:call with args: {'request': <Request GET / >}
INFO:root:SQL: select `id`, `email`, `created_at`, `admin`, `name`, `image`, `passwd` from `users`
INFO:root:rows reutrned: 1 
INFO:aiohttp.access:127.0.0.1 - - [24/Oct/2017:08:22:25 +0000] "GET / HTTP/1.1" 200 362 "-" "HTTPie/0.9.2"
INFO:root:create database connection pool...
INFO:root:init jinja2...
INFO:root:set jinja2 template path: /home/vagrant/master-python/task/py3-webapp/www/templates/
INFO:root:found model: User (table: users
INFO:root:  found mapping: image ==> <StringField, varchar(500):None> 
INFO:root:  found mapping: id ==> <StringField, varchar(50):None> 
INFO:root:  found mapping: passwd ==> <StringField, varchar(50):None> 
INFO:root:  found mapping: created_at ==> <FloatField, real:None> 
INFO:root:  found mapping: name ==> <StringField, varchar(50):None> 
INFO:root:  found mapping: email ==> <StringField, varchar(50):None> 
INFO:root:  found mapping: admin ==> <BooleanField, boolean:None> 
INFO:root:found model: Blog (table: blogs
INFO:root:  found mapping: user_name ==> <StringField, varchar(50):None> 
INFO:root:  found mapping: content ==> <TextField, text:None> 
INFO:root:  found mapping: user_image ==> <StringField, varchar(500):None> 
INFO:root:  found mapping: id ==> <StringField, varchar(50):None> 
INFO:root:  found mapping: created_at ==> <FloatField, real:None> 
INFO:root:  found mapping: name ==> <StringField, varchar(50):None> 
INFO:root:  found mapping: summary ==> <StringField, varchar(50):None> 
INFO:root:  found mapping: user_id ==> <StringField, varchar(50):None> 
INFO:root:found model: Comment (table: comments
INFO:root:  found mapping: user_name ==> <StringField, varchar(50):None> 
INFO:root:  found mapping: blog_id ==> <StringField, varchar(50):None> 
INFO:root:  found mapping: content ==> <TextField, text:None> 
INFO:root:  found mapping: user_image ==> <StringField, varchar(500):None> 
INFO:root:  found mapping: id ==> <StringField, varchar(50):None> 
INFO:root:  found mapping: created_at ==> <FloatField, real:None> 
INFO:root:  found mapping: user_id ==> <StringField, varchar(50):None> 
INFO:root:add route GET / => index(request)
INFO:root:enter response init
INFO:root:add static /static/ => /home/vagrant/master-python/task/py3-webapp/www/static
INFO:root:server started at http://127.0.0.1:9000
INFO:root:create database connection pool...
INFO:root:init jinja2...
INFO:root:set jinja2 template path: /home/vagrant/master-python/task/py3-webapp/www/templates/
INFO:root:found model: User (table: users
INFO:root:  found mapping: email ==> <StringField, varchar(50):None> 
INFO:root:  found mapping: image ==> <StringField, varchar(500):None> 
INFO:root:  found mapping: passwd ==> <StringField, varchar(50):None> 
INFO:root:  found mapping: created_at ==> <FloatField, real:None> 
INFO:root:  found mapping: admin ==> <BooleanField, boolean:None> 
INFO:root:  found mapping: name ==> <StringField, varchar(50):None> 
INFO:root:  found mapping: id ==> <StringField, varchar(50):None> 
INFO:root:found model: Blog (table: blogs
INFO:root:  found mapping: user_id ==> <StringField, varchar(50):None> 
INFO:root:  found mapping: content ==> <TextField, text:None> 
INFO:root:  found mapping: user_name ==> <StringField, varchar(50):None> 
INFO:root:  found mapping: created_at ==> <FloatField, real:None> 
INFO:root:  found mapping: summary ==> <StringField, varchar(50):None> 
INFO:root:  found mapping: user_image ==> <StringField, varchar(500):None> 
INFO:root:  found mapping: name ==> <StringField, varchar(50):None> 
INFO:root:  found mapping: id ==> <StringField, varchar(50):None> 
INFO:root:found model: Comment (table: comments
INFO:root:  found mapping: user_id ==> <StringField, varchar(50):None> 
INFO:root:  found mapping: content ==> <TextField, text:None> 
INFO:root:  found mapping: user_name ==> <StringField, varchar(50):None> 
INFO:root:  found mapping: created_at ==> <FloatField, real:None> 
INFO:root:  found mapping: blog_id ==> <StringField, varchar(50):None> 
INFO:root:  found mapping: user_image ==> <StringField, varchar(500):None> 
INFO:root:  found mapping: id ==> <StringField, varchar(50):None> 
INFO:root:add route GET / => index(request)
INFO:root:enter response init
INFO:root:add static /static/ => /home/vagrant/master-python/task/py3-webapp/www/static
INFO:root:server started at http://127.0.0.1:9000
INFO:root:create database connection pool...
INFO:root:init jinja2...
INFO:root:set jinja2 template path: /home/vagrant/master-python/task/py3-webapp/www/templates/
INFO:root:found model: User (table: users
INFO:root:  found mapping: image ==> <StringField, varchar(500):None> 
INFO:root:  found mapping: id ==> <StringField, varchar(50):None> 
INFO:root:  found mapping: email ==> <StringField, varchar(50):None> 
INFO:root:  found mapping: name ==> <StringField, varchar(50):None> 
INFO:root:  found mapping: admin ==> <BooleanField, boolean:None> 
INFO:root:  found mapping: passwd ==> <StringField, varchar(50):None> 
INFO:root:  found mapping: created_at ==> <FloatField, real:None> 
INFO:root:found model: Blog (table: blogs
INFO:root:  found mapping: user_id ==> <StringField, varchar(50):None> 
INFO:root:  found mapping: user_image ==> <StringField, varchar(500):None> 
INFO:root:  found mapping: id ==> <StringField, varchar(50):None> 
INFO:root:  found mapping: created_at ==> <FloatField, real:None> 
INFO:root:  found mapping: user_name ==> <StringField, varchar(50):None> 
INFO:root:  found mapping: content ==> <TextField, text:None> 
INFO:root:  found mapping: name ==> <StringField, varchar(50):None> 
INFO:root:  found mapping: summary ==> <StringField, varchar(50):None> 
INFO:root:found model: Comment (table: comments
INFO:root:  found mapping: user_id ==> <StringField, varchar(50):None> 
INFO:root:  found mapping: user_image ==> <StringField, varchar(500):None> 
INFO:root:  found mapping: id ==> <StringField, varchar(50):None> 
INFO:root:  found mapping: created_at ==> <FloatField, real:None> 
INFO:root:  found mapping: user_name ==> <StringField, varchar(50):None> 
INFO:root:  found mapping: content ==> <TextField, text:None> 
INFO:root:  found mapping: blog_id ==> <StringField, varchar(50):None> 
INFO:root:add route GET / => index(request)
INFO:root:enter response init
INFO:root:add static /static/ => /home/vagrant/master-python/task/py3-webapp/www/static
INFO:root:server started at http://127.0.0.1:9000
INFO:root:create database connection pool...
INFO:root:init jinja2...
INFO:root:set jinja2 template path: /home/vagrant/master-python/task/py3-webapp/www/templates/
INFO:root:found model: User (table: users
INFO:root:  found mapping: id ==> <StringField, varchar(50):None> 
INFO:root:  found mapping: passwd ==> <StringField, varchar(50):None> 
INFO:root:  found mapping: image ==> <StringField, varchar(500):None> 
INFO:root:  found mapping: admin ==> <BooleanField, boolean:None> 
INFO:root:  found mapping: created_at ==> <FloatField, real:None> 
INFO:root:  found mapping: name ==> <StringField, varchar(50):None> 
INFO:root:  found mapping: email ==> <StringField, varchar(50):None> 
INFO:root:found model: Blog (table: blogs
INFO:root:  found mapping: id ==> <StringField, varchar(50):None> 
INFO:root:  found mapping: summary ==> <StringField, varchar(50):None> 
INFO:root:  found mapping: user_image ==> <StringField, varchar(500):None> 
INFO:root:  found mapping: created_at ==> <FloatField, real:None> 
INFO:root:  found mapping: content ==> <TextField, text:None> 
INFO:root:  found mapping: name ==> <StringField, varchar(50):None> 
INFO:root:  found mapping: user_id ==> <StringField, varchar(50):None> 
INFO:root:  found mapping: user_name ==> <StringField, varchar(50):None> 
INFO:root:found model: Comment (table: comments
INFO:root:  found mapping: id ==> <StringField, varchar(50):None> 
INFO:root:  found mapping: user_image ==> <StringField, varchar(500):None> 
INFO:root:  found mapping: created_at ==> <FloatField, real:None> 
INFO:root:  found mapping: content ==> <TextField, text:None> 
INFO:root:  found mapping: blog_id ==> <StringField, varchar(50):None> 
INFO:root:  found mapping: user_id ==> <StringField, varchar(50):None> 
INFO:root:  found mapping: user_name ==> <StringField, varchar(50):None> 
INFO:root:add route GET / => index(request)
INFO:root:enter response init
INFO:root:add route GET /test => test(request)
INFO:root:enter response init
INFO:root:add static /static/ => /home/vagrant/master-python/task/py3-webapp/www/static
INFO:root:server started at http://0.0.0.0:8848
INFO:root:Request: GET /favicon.ico
INFO:root:Response handler...
INFO:aiohttp.access:192.168.0.102 - - [27/Oct/2017:14:57:03 +0000] "GET /favicon.ico HTTP/1.1" 404 172 "-" "Mozilla/5.0 (Windows NT 6.1; Win64; x64; rv:56.0) Gecko/20100101 Firefox/56.0"
INFO:root:create database connection pool...
INFO:root:init jinja2...
INFO:root:set jinja2 template path: /home/vagrant/master-python/task/py3-webapp/www/templates/
INFO:root:found model: User (table: users
INFO:root:  found mapping: image ==> <StringField, varchar(500):None> 
INFO:root:  found mapping: email ==> <StringField, varchar(50):None> 
INFO:root:  found mapping: created_at ==> <FloatField, real:None> 
INFO:root:  found mapping: admin ==> <BooleanField, boolean:None> 
INFO:root:  found mapping: name ==> <StringField, varchar(50):None> 
INFO:root:  found mapping: passwd ==> <StringField, varchar(50):None> 
INFO:root:  found mapping: id ==> <StringField, varchar(50):None> 
INFO:root:found model: Blog (table: blogs
INFO:root:  found mapping: user_name ==> <StringField, varchar(50):None> 
INFO:root:  found mapping: content ==> <TextField, text:None> 
INFO:root:  found mapping: name ==> <StringField, varchar(50):None> 
INFO:root:  found mapping: user_id ==> <StringField, varchar(50):None> 
INFO:root:  found mapping: created_at ==> <FloatField, real:None> 
INFO:root:  found mapping: summary ==> <StringField, varchar(50):None> 
INFO:root:  found mapping: id ==> <StringField, varchar(50):None> 
INFO:root:  found mapping: user_image ==> <StringField, varchar(500):None> 
INFO:root:found model: Comment (table: comments
INFO:root:  found mapping: user_name ==> <StringField, varchar(50):None> 
INFO:root:  found mapping: blog_id ==> <StringField, varchar(50):None> 
INFO:root:  found mapping: content ==> <TextField, text:None> 
INFO:root:  found mapping: user_id ==> <StringField, varchar(50):None> 
INFO:root:  found mapping: created_at ==> <FloatField, real:None> 
INFO:root:  found mapping: id ==> <StringField, varchar(50):None> 
INFO:root:  found mapping: user_image ==> <StringField, varchar(500):None> 
INFO:root:add route GET / => index(request)
INFO:root:enter response init
INFO:root:add route GET /test => test(request)
INFO:root:enter response init
INFO:root:add static /static/ => /home/vagrant/master-python/task/py3-webapp/www/static
INFO:root:server started at http://0.0.0.0:8858
INFO:root:create database connection pool...
INFO:root:init jinja2...
INFO:root:set jinja2 template path: /home/vagrant/master-python/task/py3-webapp/www/templates/
INFO:root:found model: User (table: users
INFO:root:  found mapping: email ==> <StringField, varchar(50):None> 
INFO:root:  found mapping: image ==> <StringField, varchar(500):None> 
INFO:root:  found mapping: id ==> <StringField, varchar(50):None> 
INFO:root:  found mapping: created_at ==> <FloatField, real:None> 
INFO:root:  found mapping: name ==> <StringField, varchar(50):None> 
INFO:root:  found mapping: admin ==> <BooleanField, boolean:None> 
INFO:root:  found mapping: passwd ==> <StringField, varchar(50):None> 
INFO:root:found model: Blog (table: blogs
INFO:root:  found mapping: user_id ==> <StringField, varchar(50):None> 
INFO:root:  found mapping: summary ==> <StringField, varchar(50):None> 
INFO:root:  found mapping: id ==> <StringField, varchar(50):None> 
INFO:root:  found mapping: user_image ==> <StringField, varchar(500):None> 
INFO:root:  found mapping: name ==> <StringField, varchar(50):None> 
INFO:root:  found mapping: content ==> <TextField, text:None> 
INFO:root:  found mapping: user_name ==> <StringField, varchar(50):None> 
INFO:root:  found mapping: created_at ==> <FloatField, real:None> 
INFO:root:found model: Comment (table: comments
INFO:root:  found mapping: user_id ==> <StringField, varchar(50):None> 
INFO:root:  found mapping: id ==> <StringField, varchar(50):None> 
INFO:root:  found mapping: user_image ==> <StringField, varchar(500):None> 
INFO:root:  found mapping: created_at ==> <FloatField, real:None> 
INFO:root:  found mapping: content ==> <TextField, text:None> 
INFO:root:  found mapping: user_name ==> <StringField, varchar(50):None> 
INFO:root:  found mapping: blog_id ==> <StringField, varchar(50):None> 
INFO:root:add route GET / => index(request)
INFO:root:enter response init
INFO:root:add route GET /test => test(request)
INFO:root:enter response init
INFO:root:add static /static/ => /home/vagrant/master-python/task/py3-webapp/www/static
INFO:root:server started at http://0.0.0.0:8858
INFO:root:create database connection pool...
INFO:root:init jinja2...
INFO:root:set jinja2 template path: /home/vagrant/master-python/task/py3-webapp/www/templates/
Traceback (most recent call last):
  File "/home/vagrant/master-python/task/py3-webapp/www/app.py", line 130, in <module>
    loop.run_until_complete(init(loop))
  File "/usr/lib/python3.5/asyncio/base_events.py", line 387, in run_until_complete
    return future.result()
  File "/usr/lib/python3.5/asyncio/futures.py", line 274, in result
    raise self._exception
  File "/usr/lib/python3.5/asyncio/tasks.py", line 239, in _step
    result = coro.send(None)
  File "/home/vagrant/master-python/task/py3-webapp/www/app.py", line 119, in init
    add_routes(app,'handlers')
  File "/home/vagrant/master-python/task/py3-webapp/www/coreweb.py", line 174, in add_routes
    mod = __import__(module_name, globals(), locals())
  File "/home/vagrant/master-python/task/py3-webapp/www/handlers.py", line 79
    users = await User.findAll('email=?',[email])
                     ^
SyntaxError: invalid syntax
INFO:root:create database connection pool...
INFO:root:init jinja2...
INFO:root:set jinja2 template path: /home/vagrant/master-python/task/py3-webapp/www/templates/
Traceback (most recent call last):
  File "/home/vagrant/master-python/task/py3-webapp/www/app.py", line 130, in <module>
    loop.run_until_complete(init(loop))
  File "/usr/lib/python3.5/asyncio/base_events.py", line 387, in run_until_complete
    return future.result()
  File "/usr/lib/python3.5/asyncio/futures.py", line 274, in result
    raise self._exception
  File "/usr/lib/python3.5/asyncio/tasks.py", line 239, in _step
    result = coro.send(None)
  File "/home/vagrant/master-python/task/py3-webapp/www/app.py", line 119, in init
    add_routes(app,'handlers')
  File "/home/vagrant/master-python/task/py3-webapp/www/coreweb.py", line 174, in add_routes
    mod = __import__(module_name, globals(), locals())
  File "/home/vagrant/master-python/task/py3-webapp/www/handlers.py", line 79
    users = await User.findAll('email=?',[email])
                     ^
SyntaxError: invalid syntax
INFO:root:create database connection pool...
INFO:root:init jinja2...
INFO:root:set jinja2 template path: /home/vagrant/master-python/task/py3-webapp/www/templates/
Traceback (most recent call last):
  File "/home/vagrant/master-python/task/py3-webapp/www/app.py", line 130, in <module>
    loop.run_until_complete(init(loop))
  File "/usr/lib/python3.5/asyncio/base_events.py", line 387, in run_until_complete
    return future.result()
  File "/usr/lib/python3.5/asyncio/futures.py", line 274, in result
    raise self._exception
  File "/usr/lib/python3.5/asyncio/tasks.py", line 239, in _step
    result = coro.send(None)
  File "/home/vagrant/master-python/task/py3-webapp/www/app.py", line 119, in init
    add_routes(app,'handlers')
  File "/home/vagrant/master-python/task/py3-webapp/www/coreweb.py", line 174, in add_routes
    mod = __import__(module_name, globals(), locals())
  File "/home/vagrant/master-python/task/py3-webapp/www/handlers.py", line 79
    users = await User.findAll('email=?',[email])
                     ^
SyntaxError: invalid syntax
INFO:root:create database connection pool...
INFO:root:init jinja2...
INFO:root:set jinja2 template path: /home/vagrant/master-python/task/py3-webapp/www/templates/
Traceback (most recent call last):
  File "/home/vagrant/master-python/task/py3-webapp/www/app.py", line 130, in <module>
    loop.run_until_complete(init(loop))
  File "/usr/lib/python3.5/asyncio/base_events.py", line 387, in run_until_complete
    return future.result()
  File "/usr/lib/python3.5/asyncio/futures.py", line 274, in result
    raise self._exception
  File "/usr/lib/python3.5/asyncio/tasks.py", line 239, in _step
    result = coro.send(None)
  File "/home/vagrant/master-python/task/py3-webapp/www/app.py", line 119, in init
    add_routes(app,'handlers')
  File "/home/vagrant/master-python/task/py3-webapp/www/coreweb.py", line 174, in add_routes
    mod = __import__(module_name, globals(), locals())
  File "/home/vagrant/master-python/task/py3-webapp/www/handlers.py", line 79
    users = await User.findAll('email=?',[email])
                     ^
SyntaxError: invalid syntax
INFO:root:create database connection pool...
INFO:root:init jinja2...
INFO:root:set jinja2 template path: /home/vagrant/master-python/task/py3-webapp/www/templates/
Traceback (most recent call last):
  File "/home/vagrant/master-python/task/py3-webapp/www/app.py", line 130, in <module>
    loop.run_until_complete(init(loop))
  File "/usr/lib/python3.5/asyncio/base_events.py", line 387, in run_until_complete
    return future.result()
  File "/usr/lib/python3.5/asyncio/futures.py", line 274, in result
    raise self._exception
  File "/usr/lib/python3.5/asyncio/tasks.py", line 239, in _step
    result = coro.send(None)
  File "/home/vagrant/master-python/task/py3-webapp/www/app.py", line 119, in init
    add_routes(app,'handlers')
  File "/home/vagrant/master-python/task/py3-webapp/www/coreweb.py", line 174, in add_routes
    mod = __import__(module_name, globals(), locals())
  File "/home/vagrant/master-python/task/py3-webapp/www/handlers.py", line 79
    users = await User.findAll('email=?',[email])
                     ^
SyntaxError: invalid syntax
INFO:root:create database connection pool...
INFO:root:init jinja2...
INFO:root:set jinja2 template path: /home/vagrant/master-python/task/py3-webapp/www/templates/
INFO:root:found model: User (table: users
INFO:root:  found mapping: admin ==> <BooleanField, boolean:None> 
INFO:root:  found mapping: email ==> <StringField, varchar(50):None> 
INFO:root:  found mapping: name ==> <StringField, varchar(50):None> 
INFO:root:  found mapping: passwd ==> <StringField, varchar(50):None> 
INFO:root:  found mapping: created_at ==> <FloatField, real:None> 
INFO:root:  found mapping: image ==> <StringField, varchar(500):None> 
INFO:root:  found mapping: id ==> <StringField, varchar(50):None> 
INFO:root:found model: Blog (table: blogs
INFO:root:  found mapping: created_at ==> <FloatField, real:None> 
INFO:root:  found mapping: user_name ==> <StringField, varchar(50):None> 
INFO:root:  found mapping: name ==> <StringField, varchar(50):None> 
INFO:root:  found mapping: content ==> <TextField, text:None> 
INFO:root:  found mapping: user_id ==> <StringField, varchar(50):None> 
INFO:root:  found mapping: user_image ==> <StringField, varchar(500):None> 
INFO:root:  found mapping: summary ==> <StringField, varchar(50):None> 
INFO:root:  found mapping: id ==> <StringField, varchar(50):None> 
INFO:root:found model: Comment (table: comments
INFO:root:  found mapping: created_at ==> <FloatField, real:None> 
INFO:root:  found mapping: user_name ==> <StringField, varchar(50):None> 
INFO:root:  found mapping: content ==> <TextField, text:None> 
INFO:root:  found mapping: user_id ==> <StringField, varchar(50):None> 
INFO:root:  found mapping: user_image ==> <StringField, varchar(500):None> 
INFO:root:  found mapping: id ==> <StringField, varchar(50):None> 
INFO:root:  found mapping: blog_id ==> <StringField, varchar(50):None> 
INFO:root:add route GET /api/users => api_get_users()
INFO:root:enter response init
INFO:root:add route POST /api/users => api_register_user(email,name,password)
INFO:root:enter response init
INFO:root:add route POST /api/authenticate => authenticate(email,passwd)
INFO:root:enter response init
INFO:root:add route GET / => index(request)
INFO:root:enter response init
INFO:root:add route GET /register => register()
INFO:root:enter response init
INFO:root:add route GET /signin => signin()
INFO:root:enter response init
INFO:root:add route GET /signout => signout(request)
INFO:root:enter response init
INFO:root:add route GET /test => test(request)
INFO:root:enter response init
INFO:root:add static /static/ => /home/vagrant/master-python/task/py3-webapp/www/static
INFO:root:server started at http://0.0.0.0:8858
INFO:root:Request: GET /favicon.ico
INFO:root:Response handler...
INFO:aiohttp.access:192.168.0.103 - - [28/Oct/2017:07:24:54 +0000] "GET /favicon.ico HTTP/1.1" 404 172 "-" "Mozilla/5.0 (Windows NT 6.1; Win64; x64; rv:56.0) Gecko/20100101 Firefox/56.0"
INFO:root:Request: GET /
INFO:root:Response handler...
INFO:root:call with args: {'request': <Request GET / >}
INFO:root:SQL: select `id`, `created_at`, `user_name`, `name`, `content`, `user_id`, `user_image`, `summary` from `blogs`
INFO:root:rows reutrned: 1 
INFO:root:Model...
INFO:aiohttp.access:192.168.0.103 - - [28/Oct/2017:07:56:59 +0000] "GET / HTTP/1.1" 200 4595 "-" "Mozilla/5.0 (Windows NT 6.1; Win64; x64; rv:56.0) Gecko/20100101 Firefox/56.0"
INFO:root:Request: GET /signin
INFO:root:Response handler...
INFO:root:call with args: {}
INFO:aiohttp.access:192.168.0.103 - - [28/Oct/2017:07:57:03 +0000] "GET /signin HTTP/1.1" 200 2688 "-" "Mozilla/5.0 (Windows NT 6.1; Win64; x64; rv:56.0) Gecko/20100101 Firefox/56.0"
INFO:root:Request: GET /register
INFO:root:Response handler...
INFO:root:call with args: {}
INFO:aiohttp.access:192.168.0.103 - - [28/Oct/2017:07:57:06 +0000] "GET /register HTTP/1.1" 200 6611 "-" "Mozilla/5.0 (Windows NT 6.1; Win64; x64; rv:56.0) Gecko/20100101 Firefox/56.0"
INFO:root:Request: GET /register
INFO:root:Response handler...
INFO:root:call with args: {}
INFO:aiohttp.access:192.168.0.103 - - [28/Oct/2017:08:00:41 +0000] "GET /register HTTP/1.1" 200 6611 "-" "Mozilla/5.0 (Windows NT 6.1; Win64; x64; rv:56.0) Gecko/20100101 Firefox/56.0"
INFO:root:Request: GET /register
INFO:root:Response handler...
INFO:root:call with args: {}
INFO:aiohttp.access:192.168.0.103 - - [28/Oct/2017:08:14:39 +0000] "GET /register HTTP/1.1" 200 6596 "-" "Mozilla/5.0 (Windows NT 6.1; Win64; x64; rv:56.0) Gecko/20100101 Firefox/56.0"
INFO:root:Request: GET /static/css/uikit.min.css
INFO:root:Response handler...
INFO:aiohttp.access:192.168.0.103 - - [28/Oct/2017:08:14:39 +0000] "GET /static/css/uikit.min.css HTTP/1.1" 304 140 "-" "Mozilla/5.0 (Windows NT 6.1; Win64; x64; rv:56.0) Gecko/20100101 Firefox/56.0"
INFO:root:Request: GET /static/js/sticky.min.js
INFO:root:Response handler...
INFO:aiohttp.access:192.168.0.103 - - [28/Oct/2017:08:14:39 +0000] "GET /static/js/sticky.min.js HTTP/1.1" 304 140 "-" "Mozilla/5.0 (Windows NT 6.1; Win64; x64; rv:56.0) Gecko/20100101 Firefox/56.0"
INFO:root:Request: GET /static/css/uikit.gradient.min.css
INFO:root:Response handler...
INFO:aiohttp.access:192.168.0.103 - - [28/Oct/2017:08:14:39 +0000] "GET /static/css/uikit.gradient.min.css HTTP/1.1" 304 140 "-" "Mozilla/5.0 (Windows NT 6.1; Win64; x64; rv:56.0) Gecko/20100101 Firefox/56.0"
INFO:root:Request: GET /static/js/vue.min.js
INFO:root:Response handler...
INFO:aiohttp.access:192.168.0.103 - - [28/Oct/2017:08:14:39 +0000] "GET /static/js/vue.min.js HTTP/1.1" 304 140 "-" "Mozilla/5.0 (Windows NT 6.1; Win64; x64; rv:56.0) Gecko/20100101 Firefox/56.0"
INFO:root:Request: GET /static/css/awesome.css
INFO:root:Response handler...
INFO:aiohttp.access:192.168.0.103 - - [28/Oct/2017:08:14:39 +0000] "GET /static/css/awesome.css HTTP/1.1" 304 140 "-" "Mozilla/5.0 (Windows NT 6.1; Win64; x64; rv:56.0) Gecko/20100101 Firefox/56.0"
INFO:root:Request: GET /static/js/jquery.min.js
INFO:root:Response handler...
INFO:aiohttp.access:192.168.0.103 - - [28/Oct/2017:08:14:39 +0000] "GET /static/js/jquery.min.js HTTP/1.1" 304 140 "-" "Mozilla/5.0 (Windows NT 6.1; Win64; x64; rv:56.0) Gecko/20100101 Firefox/56.0"
INFO:root:Request: GET /static/js/awesome.js
INFO:root:Response handler...
INFO:aiohttp.access:192.168.0.103 - - [28/Oct/2017:08:14:39 +0000] "GET /static/js/awesome.js HTTP/1.1" 304 140 "-" "Mozilla/5.0 (Windows NT 6.1; Win64; x64; rv:56.0) Gecko/20100101 Firefox/56.0"
INFO:root:Request: GET /static/js/sha1.min.js
INFO:root:Response handler...
INFO:aiohttp.access:192.168.0.103 - - [28/Oct/2017:08:14:39 +0000] "GET /static/js/sha1.min.js HTTP/1.1" 304 140 "-" "Mozilla/5.0 (Windows NT 6.1; Win64; x64; rv:56.0) Gecko/20100101 Firefox/56.0"
INFO:root:Request: GET /static/js/uikit.min.js
INFO:root:Response handler...
INFO:aiohttp.access:192.168.0.103 - - [28/Oct/2017:08:14:39 +0000] "GET /static/js/uikit.min.js HTTP/1.1" 304 140 "-" "Mozilla/5.0 (Windows NT 6.1; Win64; x64; rv:56.0) Gecko/20100101 Firefox/56.0"
INFO:root:Request: GET /register
INFO:root:Response handler...
INFO:root:call with args: {}
INFO:aiohttp.access:192.168.0.103 - - [28/Oct/2017:08:14:42 +0000] "GET /register HTTP/1.1" 200 6596 "-" "Mozilla/5.0 (Windows NT 6.1; Win64; x64; rv:56.0) Gecko/20100101 Firefox/56.0"
INFO:root:found model: User (table: users
INFO:root:  found mapping: email ==> <StringField, varchar(50):None> 
INFO:root:  found mapping: created_at ==> <FloatField, real:None> 
INFO:root:  found mapping: admin ==> <BooleanField, boolean:None> 
INFO:root:  found mapping: name ==> <StringField, varchar(50):None> 
INFO:root:  found mapping: passwd ==> <StringField, varchar(50):None> 
INFO:root:  found mapping: image ==> <StringField, varchar(500):None> 
INFO:root:  found mapping: id ==> <StringField, varchar(50):None> 
INFO:root:found model: Blog (table: blogs
INFO:root:  found mapping: user_image ==> <StringField, varchar(500):None> 
INFO:root:  found mapping: created_at ==> <FloatField, real:None> 
INFO:root:  found mapping: name ==> <StringField, varchar(50):None> 
INFO:root:  found mapping: user_name ==> <StringField, varchar(50):None> 
INFO:root:  found mapping: user_id ==> <StringField, varchar(50):None> 
INFO:root:  found mapping: content ==> <TextField, text:None> 
INFO:root:  found mapping: summary ==> <StringField, varchar(50):None> 
INFO:root:  found mapping: id ==> <StringField, varchar(50):None> 
INFO:root:found model: Comment (table: comments
INFO:root:  found mapping: blog_id ==> <StringField, varchar(50):None> 
INFO:root:  found mapping: user_image ==> <StringField, varchar(500):None> 
INFO:root:  found mapping: created_at ==> <FloatField, real:None> 
INFO:root:  found mapping: user_name ==> <StringField, varchar(50):None> 
INFO:root:  found mapping: user_id ==> <StringField, varchar(50):None> 
INFO:root:  found mapping: content ==> <TextField, text:None> 
INFO:root:  found mapping: id ==> <StringField, varchar(50):None> 
INFO:root:create database connection pool...
INFO:root:init jinja2...
INFO:root:set jinja2 template path: /home/vagrant/master-python/task/py3-webapp/www/templates/
INFO:root:add route GET /api/users => api_get_users()
INFO:root:enter response init
INFO:root:add route POST /api/users => api_register_user(email,name,password)
INFO:root:enter response init
INFO:root:add route POST /api/authenticate => authenticate(email,passwd)
INFO:root:enter response init
INFO:root:add route GET / => index(request)
INFO:root:enter response init
INFO:root:add route GET /register => register()
INFO:root:enter response init
INFO:root:add route GET /signin => signin()
INFO:root:enter response init
INFO:root:add route GET /signout => signout(request)
INFO:root:enter response init
INFO:root:add route GET /test => test(request)
INFO:root:enter response init
INFO:root:add static /static/ => /home/vagrant/master-python/task/py3-webapp/www/static
INFO:root:server started at http://0.0.0.0:8848
